<?xml version="1.0" encoding="UTF-8"?>
<testng-results ignored="0" total="4" passed="4" failed="0" skipped="0">
  <reporter-output>
  </reporter-output>
  <suite started-at="2019-09-17T10:34:23 BST" name="Default suite" finished-at="2019-09-17T10:35:08 BST" duration-ms="45082">
    <groups>
    </groups>
    <test started-at="2019-09-17T10:34:23 BST" name="Default test" finished-at="2019-09-17T10:35:08 BST" duration-ms="45082">
      <class name="DDGoogleSearch.DDGoogleSearch.gSearchTest1">
        <test-method signature="gSearchChrome(java.lang.String)[pri:0, instance:DDGoogleSearch.DDGoogleSearch.gSearchTest1@537f60bf]" started-at="2019-09-17T10:34:24 BST" name="gSearchChrome" data-provider="GoogleSearchCriteria" finished-at="2019-09-17T10:34:35 BST" duration-ms="11345" status="PASS">
          <params>
            <param index="0">
              <value>
                <![CDATA[Coventry]]>
              </value>
            </param>
          </params>
          <reporter-output>
          </reporter-output>
        </test-method> <!-- gSearchChrome -->
        <test-method is-config="true" signature="teardown()[pri:0, instance:DDGoogleSearch.DDGoogleSearch.gSearchTest1@537f60bf]" started-at="2019-09-17T10:34:35 BST" name="teardown" finished-at="2019-09-17T10:34:36 BST" duration-ms="750" status="PASS">
          <reporter-output>
          </reporter-output>
        </test-method> <!-- teardown -->
        <test-method signature="gSearchChrome(java.lang.String)[pri:0, instance:DDGoogleSearch.DDGoogleSearch.gSearchTest1@537f60bf]" started-at="2019-09-17T10:34:36 BST" name="gSearchChrome" data-provider="GoogleSearchCriteria" finished-at="2019-09-17T10:34:48 BST" duration-ms="12002" status="PASS">
          <params>
            <param index="0">
              <value>
                <![CDATA[York]]>
              </value>
            </param>
          </params>
          <reporter-output>
          </reporter-output>
        </test-method> <!-- gSearchChrome -->
        <test-method is-config="true" signature="teardown()[pri:0, instance:DDGoogleSearch.DDGoogleSearch.gSearchTest1@537f60bf]" started-at="2019-09-17T10:34:48 BST" name="teardown" finished-at="2019-09-17T10:34:48 BST" duration-ms="748" status="PASS">
          <reporter-output>
          </reporter-output>
        </test-method> <!-- teardown -->
        <test-method signature="gSearchFireFox(java.lang.String)[pri:1, instance:DDGoogleSearch.DDGoogleSearch.gSearchTest1@537f60bf]" started-at="2019-09-17T10:34:49 BST" name="gSearchFireFox" data-provider="GoogleSearchCriteria" finished-at="2019-09-17T10:34:58 BST" duration-ms="9754" status="PASS">
          <params>
            <param index="0">
              <value>
                <![CDATA[Coventry]]>
              </value>
            </param>
          </params>
          <reporter-output>
          </reporter-output>
        </test-method> <!-- gSearchFireFox -->
        <test-method is-config="true" signature="teardown()[pri:0, instance:DDGoogleSearch.DDGoogleSearch.gSearchTest1@537f60bf]" started-at="2019-09-17T10:34:58 BST" name="teardown" finished-at="2019-09-17T10:34:58 BST" duration-ms="0" status="PASS">
          <reporter-output>
          </reporter-output>
        </test-method> <!-- teardown -->
        <test-method signature="gSearchFireFox(java.lang.String)[pri:1, instance:DDGoogleSearch.DDGoogleSearch.gSearchTest1@537f60bf]" started-at="2019-09-17T10:34:58 BST" name="gSearchFireFox" data-provider="GoogleSearchCriteria" finished-at="2019-09-17T10:35:08 BST" duration-ms="9980" status="PASS">
          <params>
            <param index="0">
              <value>
                <![CDATA[York]]>
              </value>
            </param>
          </params>
          <reporter-output>
          </reporter-output>
        </test-method> <!-- gSearchFireFox -->
        <test-method is-config="true" signature="teardown()[pri:0, instance:DDGoogleSearch.DDGoogleSearch.gSearchTest1@537f60bf]" started-at="2019-09-17T10:35:08 BST" name="teardown" finished-at="2019-09-17T10:35:08 BST" duration-ms="2" status="PASS">
          <reporter-output>
          </reporter-output>
        </test-method> <!-- teardown -->
      </class> <!-- DDGoogleSearch.DDGoogleSearch.gSearchTest1 -->
    </test> <!-- Default test -->
  </suite> <!-- Default suite -->
</testng-results>
