<?xml version="1.0" encoding="UTF-8"?>
<!-- Generated by org.testng.reporters.JUnitXMLReporter -->
<testsuite ignored="0" hostname="LUK-5CG90578G5" failures="0" tests="4" name="Default test" time="45.082" errors="0" timestamp="2019-09-17T10:35:08 BST">
  <testcase classname="DDGoogleSearch.DDGoogleSearch.gSearchTest1" name="gSearchChrome" time="11.345"/>
  <testcase classname="DDGoogleSearch.DDGoogleSearch.gSearchTest1" name="gSearchChrome" time="12.002"/>
  <testcase classname="DDGoogleSearch.DDGoogleSearch.gSearchTest1" name="gSearchFireFox" time="9.754"/>
  <testcase classname="DDGoogleSearch.DDGoogleSearch.gSearchTest1" name="gSearchFireFox" time="9.98"/>
</testsuite> <!-- Default test -->
